::1 - - [21/Nov/2022:09:03:48 +0000] "GET /users//getAllBuy/630dabc0f127fa6069a3036b HTTP/1.1" 200 75 "-" "PostmanRuntime/7.29.2"
::1 - - [21/Nov/2022:09:06:40 +0000] "GET /users//getAllBuy/630dabc0f127fa6069a3036b HTTP/1.1" 200 75 "-" "PostmanRuntime/7.29.2"
::1 - - [21/Nov/2022:09:06:57 +0000] "GET /admin//getAllPayments?page=2&show=15 HTTP/1.1" 200 57 "-" "PostmanRuntime/7.29.2"
::1 - - [21/Nov/2022:09:07:01 +0000] "GET /admin//getAllPayments?page=1&show=15 HTTP/1.1" 200 1162 "-" "PostmanRuntime/7.29.2"
::1 - - [21/Nov/2022:09:36:18 +0000] "GET /rates//getRate/636cd727d51a83caaf204d78 HTTP/1.1" 200 206 "-" "PostmanRuntime/7.29.2"
::1 - - [21/Nov/2022:09:50:48 +0000] "GET /services/getRate HTTP/1.1" 200 458 "-" "PostmanRuntime/7.29.2"
::1 - - [21/Nov/2022:09:51:02 +0000] "GET /services/getRate HTTP/1.1" 200 144 "-" "PostmanRuntime/7.29.2"
::1 - - [21/Nov/2022:09:54:09 +0000] "GET /services/getRate HTTP/1.1" 200 2 "-" "PostmanRuntime/7.29.2"
::1 - - [21/Nov/2022:09:54:30 +0000] "GET /services/getRate HTTP/1.1" 200 2 "-" "PostmanRuntime/7.29.2"
::1 - - [21/Nov/2022:09:54:39 +0000] "GET /services/getRate HTTP/1.1" 200 2 "-" "PostmanRuntime/7.29.2"
::1 - - [21/Nov/2022:09:55:25 +0000] "GET /services/getRate HTTP/1.1" 200 2 "-" "PostmanRuntime/7.29.2"
::1 - - [21/Nov/2022:10:00:01 +0000] "GET /services/getRate HTTP/1.1" 200 25 "-" "PostmanRuntime/7.29.2"
::1 - - [21/Nov/2022:10:00:57 +0000] "GET /services/getRate HTTP/1.1" 200 25 "-" "PostmanRuntime/7.29.2"
::1 - - [21/Nov/2022:10:01:04 +0000] "GET /services/getRate HTTP/1.1" 200 25 "-" "PostmanRuntime/7.29.2"
::1 - - [21/Nov/2022:10:01:32 +0000] "GET /services/getRate HTTP/1.1" 200 25 "-" "PostmanRuntime/7.29.2"
::1 - - [21/Nov/2022:10:02:07 +0000] "GET /services/getRate HTTP/1.1" 200 25 "-" "PostmanRuntime/7.29.2"
::1 - - [21/Nov/2022:10:02:42 +0000] "GET /services/getRate HTTP/1.1" 200 25 "-" "PostmanRuntime/7.29.2"
::1 - - [21/Nov/2022:10:03:11 +0000] "GET /services/getRate HTTP/1.1" 200 9673 "-" "PostmanRuntime/7.29.2"
::1 - - [21/Nov/2022:10:03:24 +0000] "GET /services/getRate HTTP/1.1" 200 2693 "-" "PostmanRuntime/7.29.2"
::1 - - [21/Nov/2022:10:03:43 +0000] "GET /services/getRate HTTP/1.1" 200 39 "-" "PostmanRuntime/7.29.2"
::1 - - [21/Nov/2022:10:03:50 +0000] "GET /services/getRate HTTP/1.1" 200 2693 "-" "PostmanRuntime/7.29.2"
::1 - - [21/Nov/2022:10:03:59 +0000] "GET /services/getRate HTTP/1.1" 200 2678 "-" "PostmanRuntime/7.29.2"
::1 - - [21/Nov/2022:10:04:07 +0000] "GET /services/getRate HTTP/1.1" 200 2546 "-" "PostmanRuntime/7.29.2"
::1 - - [21/Nov/2022:10:06:15 +0000] "GET /services/getRate HTTP/1.1" 200 49 "-" "PostmanRuntime/7.29.2"
::1 - - [21/Nov/2022:10:06:21 +0000] "GET /services/getRate HTTP/1.1" 200 179 "-" "PostmanRuntime/7.29.2"
::1 - - [22/Nov/2022:03:39:06 +0000] "POST /authen//login HTTP/1.1" 200 1122 "-" "PostmanRuntime/7.29.2"
::1 - - [22/Nov/2022:03:39:09 +0000] "POST /authen//refreshToken HTTP/1.1" 200 237 "-" "PostmanRuntime/7.29.2"
::1 - - [22/Nov/2022:03:40:44 +0000] "POST /users//BuyCoin HTTP/1.1" 200 428 "-" "PostmanRuntime/7.29.2"
::1 - - [22/Nov/2022:03:41:14 +0000] "PUT /admin//handleBuyCoin/637c44bc9ae8c352d3307c10 HTTP/1.1" 200 45 "-" "PostmanRuntime/7.29.2"
::1 - - [22/Nov/2022:03:42:29 +0000] "PUT /admin//handleBuyCoin/637c44bc9ae8c352d3307c10 HTTP/1.1" 200 87 "-" "PostmanRuntime/7.29.2"
::1 - - [22/Nov/2022:03:42:38 +0000] "PUT /admin//handleBuyCoin/637c44bc9ae8c352d3307c10 HTTP/1.1" 200 46 "-" "PostmanRuntime/7.29.2"
::1 - - [22/Nov/2022:03:42:45 +0000] "PUT /admin//handleBuyCoin/637c44bc9ae8c352d3307c10 HTTP/1.1" 200 92 "-" "PostmanRuntime/7.29.2"
::1 - - [22/Nov/2022:03:42:49 +0000] "PUT /admin//handleBuyCoin/637c44bc9ae8c352d3307c10 HTTP/1.1" 200 45 "-" "PostmanRuntime/7.29.2"
::1 - - [22/Nov/2022:03:44:07 +0000] "PUT /admin//handleBuyCoin/637c44bc9ae8c352d3307c10 HTTP/1.1" 200 89 "-" "PostmanRuntime/7.29.2"
::1 - - [22/Nov/2022:03:44:12 +0000] "PUT /admin//handleBuyCoin/637c44bc9ae8c352d3307c10 HTTP/1.1" 200 87 "-" "PostmanRuntime/7.29.2"
::1 - - [22/Nov/2022:03:44:19 +0000] "PUT /admin//handleBuyCoin/637c44bc9ae8c352d3307c10 HTTP/1.1" 200 92 "-" "PostmanRuntime/7.29.2"
::1 - - [22/Nov/2022:03:44:24 +0000] "PUT /admin//handleBuyCoin/637c44bc9ae8c352d3307c10 HTTP/1.1" 200 81 "-" "PostmanRuntime/7.29.2"
::1 - - [22/Nov/2022:03:45:01 +0000] "PUT /admin//handleBuyCoin/637c44bc9ae8c352d3307c10 HTTP/1.1" 200 86 "-" "PostmanRuntime/7.29.2"
::1 - - [22/Nov/2022:03:45:05 +0000] "PUT /admin//handleBuyCoin/637c44bc9ae8c352d3307c10 HTTP/1.1" 200 92 "-" "PostmanRuntime/7.29.2"
::1 - - [22/Nov/2022:03:45:15 +0000] "PUT /admin//handleBuyCoin/637c44bc9ae8c352d3307c10 HTTP/1.1" 200 107 "-" "PostmanRuntime/7.29.2"
::1 - - [22/Nov/2022:03:46:41 +0000] "PUT /admin//handleBuyCoin/637c44bc9ae8c352d3307c10 HTTP/1.1" 200 86 "-" "PostmanRuntime/7.29.2"
::1 - - [22/Nov/2022:03:46:44 +0000] "PUT /admin//handleBuyCoin/637c44bc9ae8c352d3307c10 HTTP/1.1" 200 92 "-" "PostmanRuntime/7.29.2"
::1 - - [22/Nov/2022:03:46:47 +0000] "PUT /admin//handleBuyCoin/637c44bc9ae8c352d3307c10 HTTP/1.1" 200 107 "-" "PostmanRuntime/7.29.2"
::1 - - [22/Nov/2022:03:49:14 +0000] "PUT /admin//handleBuyCoin/637c44bc9ae8c352d3307c10 HTTP/1.1" 200 86 "-" "PostmanRuntime/7.29.2"
::1 - - [22/Nov/2022:03:55:10 +0000] "POST /users//BuyCoin HTTP/1.1" - - "-" "PostmanRuntime/7.29.2"
::1 - - [22/Nov/2022:03:55:47 +0000] "POST /users//BuyCoin HTTP/1.1" - - "-" "PostmanRuntime/7.29.2"
::1 - - [22/Nov/2022:04:03:15 +0000] "POST /users//BuyCoin HTTP/1.1" - - "-" "PostmanRuntime/7.29.2"
::1 - - [22/Nov/2022:04:04:22 +0000] "POST /users//BuyCoin HTTP/1.1" 200 909 "-" "PostmanRuntime/7.29.2"
::1 - - [22/Nov/2022:04:14:47 +0000] "POST /users//BuyCoin HTTP/1.1" 200 36 "-" "PostmanRuntime/7.29.2"
::1 - - [22/Nov/2022:04:14:50 +0000] "POST /authen//refreshToken HTTP/1.1" 200 237 "-" "PostmanRuntime/7.29.2"
::1 - - [22/Nov/2022:04:16:01 +0000] "POST /users//BuyCoin HTTP/1.1" 200 27 "-" "PostmanRuntime/7.29.2"
::1 - - [22/Nov/2022:04:16:51 +0000] "POST /users//BuyCoin HTTP/1.1" 200 27 "-" "PostmanRuntime/7.29.2"
::1 - - [22/Nov/2022:04:18:26 +0000] "PUT /admin//handleBuyCoin/637c4d333eb2051c1b956ee5 HTTP/1.1" 200 92 "-" "PostmanRuntime/7.29.2"
::1 - - [22/Nov/2022:04:18:33 +0000] "PUT /admin//handleBuyCoin/637c4d333eb2051c1b956ee5 HTTP/1.1" 200 92 "-" "PostmanRuntime/7.29.2"
::1 - - [22/Nov/2022:04:18:38 +0000] "PUT /admin//handleBuyCoin/637c4d333eb2051c1b956ee5 HTTP/1.1" 200 107 "-" "PostmanRuntime/7.29.2"
::1 - - [22/Nov/2022:04:18:48 +0000] "PUT /admin//handleBuyCoin/637c4d333eb2051c1b956ee5 HTTP/1.1" 200 86 "-" "PostmanRuntime/7.29.2"
::1 - - [22/Nov/2022:04:24:36 +0000] "POST /users//BuyCoin HTTP/1.1" 200 84 "-" "PostmanRuntime/7.29.2"
::1 - - [22/Nov/2022:04:25:42 +0000] "POST /users//BuyCoin HTTP/1.1" 200 27 "-" "PostmanRuntime/7.29.2"
::1 - - [22/Nov/2022:04:26:03 +0000] "POST /users//BuyCoin HTTP/1.1" 200 27 "-" "PostmanRuntime/7.29.2"
::1 - - [22/Nov/2022:04:26:51 +0000] "POST /users//BuyCoin HTTP/1.1" 200 27 "-" "PostmanRuntime/7.29.2"
::1 - - [22/Nov/2022:04:27:47 +0000] "POST /users//BuyCoin HTTP/1.1" 200 74 "-" "PostmanRuntime/7.29.2"
::1 - - [22/Nov/2022:04:39:55 +0000] "GET /admin//Commission HTTP/1.1" 200 188 "-" "PostmanRuntime/7.29.2"
